<?xml version="1.0" encoding="UTF-8"?>
<testng-results ignored="0" total="1" passed="1" failed="0" skipped="0">
  <reporter-output>
  </reporter-output>
  <suite started-at="2024-10-22T12:58:13 IST" name="Default suite" finished-at="2024-10-22T12:58:22 IST" duration-ms="8976">
    <groups>
    </groups>
    <test started-at="2024-10-22T12:58:13 IST" name="Default test" finished-at="2024-10-22T12:58:22 IST" duration-ms="8976">
      <class name="testpack.Signupwithcaseload">
        <test-method is-config="true" signature="setUp()[pri:0, instance:testpack.Signupwithcaseload@5b94b04d]" started-at="2024-10-22T12:58:13 IST" name="setUp" finished-at="2024-10-22T12:58:18 IST" duration-ms="4307" status="PASS">
          <reporter-output>
          </reporter-output>
        </test-method> <!-- setUp -->
        <test-method signature="testSignUpFlow()[pri:1, instance:testpack.Signupwithcaseload@5b94b04d]" started-at="2024-10-22T12:58:18 IST" name="testSignUpFlow" finished-at="2024-10-22T12:58:22 IST" duration-ms="4192" status="PASS">
          <reporter-output>
          </reporter-output>
        </test-method> <!-- testSignUpFlow -->
        <test-method is-config="true" signature="tearDown()[pri:0, instance:testpack.Signupwithcaseload@5b94b04d]" started-at="2024-10-22T12:58:22 IST" name="tearDown" finished-at="2024-10-22T12:58:22 IST" duration-ms="402" status="PASS">
          <reporter-output>
          </reporter-output>
        </test-method> <!-- tearDown -->
      </class> <!-- testpack.Signupwithcaseload -->
    </test> <!-- Default test -->
  </suite> <!-- Default suite -->
</testng-results>
